<?xml version="1.0" encoding="UTF-8"?>
<testsuite xmlns:xsi="http://www.w3.org/2001/XMLSchema-instance" xsi:noNamespaceSchemaLocation="https://maven.apache.org/surefire/maven-surefire-plugin/xsd/surefire-test-report.xsd" name="org.my.core.AppTest" time="0.007" tests="1" errors="0" skipped="0" failures="0">
  <properties>
    <property name="sun.desktop" value="windows"/>
    <property name="awt.toolkit" value="sun.awt.windows.WToolkit"/>
    <property name="file.encoding.pkg" value="sun.io"/>
    <property name="java.specification.version" value="1.8"/>
    <property name="sun.cpu.isalist" value="amd64"/>
    <property name="sun.jnu.encoding" value="GBK"/>
    <property name="java.class.path" value="D:\EclipseWorkSpace\my-parent\my-core\target\test-classes;D:\EclipseWorkSpace\my-parent\my-core\target\classes;D:\softinstall\java\apache-maven-3.6.3\my_local_maven_repository\junit\junit\3.8.1\junit-3.8.1.jar;D:\softinstall\java\apache-maven-3.6.3\my_local_maven_repository\javax\servlet\javax.servlet-api\4.0.0\javax.servlet-api-4.0.0.jar;D:\softinstall\java\apache-maven-3.6.3\my_local_maven_repository\com\alibaba\fastjson\1.2.72\fastjson-1.2.72.jar;D:\softinstall\java\apache-maven-3.6.3\my_local_maven_repository\commons-io\commons-io\2.6\commons-io-2.6.jar;"/>
    <property name="java.vm.vendor" value="Oracle Corporation"/>
    <property name="sun.arch.data.model" value="64"/>
    <property name="user.variant" value=""/>
    <property name="java.vendor.url" value="http://java.oracle.com/"/>
    <property name="user.timezone" value="Asia/Shanghai"/>
    <property name="java.vm.specification.version" value="1.8"/>
    <property name="os.name" value="Windows 10"/>
    <property name="user.country" value="CN"/>
    <property name="sun.java.launcher" value="SUN_STANDARD"/>
    <property name="sun.boot.library.path" value="D:\softinstall\java\jdk\jre\bin"/>
    <property name="sun.java.command" value="C:\Users\liuxk\AppData\Local\Temp\surefire5938894094843668857\surefirebooter7309215094344079146.jar C:\Users\liuxk\AppData\Local\Temp\surefire5938894094843668857 2020-06-29T10-37-03_927-jvmRun1 surefire2250320906091659040tmp surefire_0302903942206630203tmp"/>
    <property name="surefire.test.class.path" value="D:\EclipseWorkSpace\my-parent\my-core\target\test-classes;D:\EclipseWorkSpace\my-parent\my-core\target\classes;D:\softinstall\java\apache-maven-3.6.3\my_local_maven_repository\junit\junit\3.8.1\junit-3.8.1.jar;D:\softinstall\java\apache-maven-3.6.3\my_local_maven_repository\javax\servlet\javax.servlet-api\4.0.0\javax.servlet-api-4.0.0.jar;D:\softinstall\java\apache-maven-3.6.3\my_local_maven_repository\com\alibaba\fastjson\1.2.72\fastjson-1.2.72.jar;D:\softinstall\java\apache-maven-3.6.3\my_local_maven_repository\commons-io\commons-io\2.6\commons-io-2.6.jar;"/>
    <property name="sun.cpu.endian" value="little"/>
    <property name="user.home" value="C:\Users\liuxk"/>
    <property name="user.language" value="zh"/>
    <property name="java.specification.vendor" value="Oracle Corporation"/>
    <property name="java.home" value="D:\softinstall\java\jdk\jre"/>
    <property name="basedir" value="D:\EclipseWorkSpace\my-parent\my-core"/>
    <property name="file.separator" value="\"/>
    <property name="line.separator" value="&#10;"/>
    <property name="java.vm.specification.vendor" value="Oracle Corporation"/>
    <property name="java.specification.name" value="Java Platform API Specification"/>
    <property name="java.awt.graphicsenv" value="sun.awt.Win32GraphicsEnvironment"/>
    <property name="surefire.real.class.path" value="C:\Users\liuxk\AppData\Local\Temp\surefire5938894094843668857\surefirebooter7309215094344079146.jar"/>
    <property name="sun.boot.class.path" value="D:\softinstall\java\jdk\jre\lib\resources.jar;D:\softinstall\java\jdk\jre\lib\rt.jar;D:\softinstall\java\jdk\jre\lib\sunrsasign.jar;D:\softinstall\java\jdk\jre\lib\jsse.jar;D:\softinstall\java\jdk\jre\lib\jce.jar;D:\softinstall\java\jdk\jre\lib\charsets.jar;D:\softinstall\java\jdk\jre\lib\jfr.jar;D:\softinstall\java\jdk\jre\classes"/>
    <property name="user.script" value=""/>
    <property name="sun.management.compiler" value="HotSpot 64-Bit Tiered Compilers"/>
    <property name="java.runtime.version" value="1.8.0_181-b13"/>
    <property name="user.name" value="liuxk"/>
    <property name="path.separator" value=";"/>
    <property name="os.version" value="10.0"/>
    <property name="java.endorsed.dirs" value="D:\softinstall\java\jdk\jre\lib\endorsed"/>
    <property name="java.runtime.name" value="Java(TM) SE Runtime Environment"/>
    <property name="file.encoding" value="GBK"/>
    <property name="java.vm.name" value="Java HotSpot(TM) 64-Bit Server VM"/>
    <property name="localRepository" value="D:\softinstall\java\apache-maven-3.6.3\my_local_maven_repository"/>
    <property name="java.vendor.url.bug" value="http://bugreport.sun.com/bugreport/"/>
    <property name="java.io.tmpdir" value="C:\Users\liuxk\AppData\Local\Temp\"/>
    <property name="java.version" value="1.8.0_181"/>
    <property name="user.dir" value="D:\EclipseWorkSpace\my-parent\my-core"/>
    <property name="os.arch" value="amd64"/>
    <property name="java.vm.specification.name" value="Java Virtual Machine Specification"/>
    <property name="java.awt.printerjob" value="sun.awt.windows.WPrinterJob"/>
    <property name="sun.os.patch.level" value=""/>
    <property name="java.library.path" value="D:\softinstall\java\jdk\jre\bin;C:\WINDOWS\Sun\Java\bin;C:\WINDOWS\system32;C:\WINDOWS;D:/softinstall/java/jre/bin/server;D:/softinstall/java/jre/bin;D:/softinstall/java/jre/lib/amd64;D:\softinstall\SecureCRT\;C:\Program Files (x86)\Common Files\Oracle\Java\javapath;C:\WINDOWS\system32;C:\WINDOWS;C:\WINDOWS\System32\Wbem;C:\WINDOWS\System32\WindowsPowerShell\v1.0\;C:\WINDOWS\System32\OpenSSH\;D:\softinstall\java\jdk\bin;D:\softinstall\java\jdk\jre\bin;D:\softinstall\java\apache-maven-3.6.3\bin;D:\softinstall\PuTTY\;D:\softinstall\Git\Git\cmd;D:\softinstall\mysql-8.0.20-winx64\bin;C:\Users\liuxk\AppData\Local\Microsoft\WindowsApps;;D:\softinstall\java\JavaIDEAL\IntelliJ IDEA Community Edition 2020.1.2\bin;;C:\Users\liuxk\Desktop;;."/>
    <property name="java.vm.info" value="mixed mode"/>
    <property name="java.vendor" value="Oracle Corporation"/>
    <property name="java.vm.version" value="25.181-b13"/>
    <property name="java.ext.dirs" value="D:\softinstall\java\jdk\jre\lib\ext;C:\WINDOWS\Sun\Java\lib\ext"/>
    <property name="sun.io.unicode.encoding" value="UnicodeLittle"/>
    <property name="java.class.version" value="52.0"/>
  </properties>
  <testcase name="testApp" classname="org.my.core.AppTest" time="0.002"/>
</testsuite>